65536...
131072...
262144...
524288...
1048576...
LAST
n,average,min,max,stdev,#
65536,17.166666666666668,15,117,4.0475119445378365,18
131072,45.166666666666664,41,54,3.9145279934833406,18
262144,122.55555555555556,113,132,3.95893958205718,18
524288,285.94444444444446,263,316,9.728504039659603,18
1048576,643.6111111111111,595,703,24.401395545647866,18

RANDOM
n,average,min,max,stdev,#
65536,18.944444444444443,17,37,4.094073510392397,18
131072,46.72222222222222,42,53,3.17722697360923,18
262144,121.0,111,133,6.287241983947006,18
524288,285.3888888888889,271,308,10.917545990629776,18
1048576,671.5,617,731,25.256915185863104,18

LAST-MULTI-THREAD
n,average,min,max,stdev,#
65536,16.055555555555557,12,107,2.5315008852509107,18
131072,32.833333333333336,27,44,2.148871112659745,18
262144,80.61111111111111,67,93,6.598920490048879,18
524288,174.22222222222223,159,187,8.278644074509925,18
1048576,418.22222222222223,360,548,31.75745499425951,18

RANDOM-MULTI-THREAD
n,average,min,max,stdev,#
65536,16.666666666666668,12,21,1.7489492643904125,18
131072,34.44444444444444,30,42,2.175322078173908,18
262144,81.44444444444444,67,91,5.316148785398762,18
524288,184.11111111111111,164,205,9.074131874788119,18
1048576,427.0,379,476,23.539703631499346,18

LAST-ONE-HELPER(r)
65536,14.277777777777779,12.944444444444445,14.222222222222221,14.833333333333334,15.61111111111111,15.777777777777779,16.72222222222222,16.833333333333332,17.27777777777778,18.444444444444443,17.5,18.555555555555557,19.166666666666668,18.72222222222222,18.944444444444443,19.22222222222222,19.22222222222222,19.166666666666668,19.333333333333332,19.444444444444443,16.11111111111111
131072,35.72222222222222,32.22222222222222,33.44444444444444,35.05555555555556,36.94444444444444,37.666666666666664,37.5,39.111111111111114,39.5,39.666666666666664,40.72222222222222,42.0,43.0,43.888888888888886,43.888888888888886,43.94444444444444,43.333333333333336,44.55555555555556,44.77777777777778,44.94444444444444,44.666666666666664
262144,86.94444444444444,78.55555555555556,77.66666666666667,80.5,82.83333333333333,85.66666666666667,85.66666666666667,90.11111111111111,91.27777777777777,93.22222222222223,95.94444444444444,95.94444444444444,99.72222222222223,99.5,98.61111111111111,102.27777777777777,104.0,105.0,103.94444444444444,107.0,122.72222222222223
524288,211.88888888888889,172.94444444444446,172.94444444444446,176.22222222222223,184.05555555555554,186.55555555555554,187.38888888888889,192.55555555555554,193.55555555555554,198.16666666666666,201.33333333333334,202.77777777777777,205.11111111111111,206.61111111111111,209.77777777777777,211.61111111111111,213.55555555555554,215.77777777777777,217.27777777777777,220.16666666666666,282.6111111111111
1048576,472.05555555555554,408.5,424.1666666666667,419.94444444444446,425.8888888888889,427.1111111111111,427.77777777777777,431.27777777777777,439.8333333333333,439.6666666666667,444.44444444444446,447.3888888888889,450.6666666666667,453.5,455.5,461.94444444444446,465.1666666666667,466.3333333333333,469.1111111111111,471.72222222222223,656.0555555555555

RANDOM-ONE-HELPER(r)
65536,17.77777777777778,17.61111111111111,18.166666666666668,19.27777777777778,19.944444444444443,20.333333333333332,21.666666666666668,22.166666666666668,22.333333333333332,21.61111111111111,21.833333333333332,22.333333333333332,22.5,23.38888888888889,22.27777777777778,23.38888888888889,23.27777777777778,23.333333333333332,22.944444444444443,23.0,19.333333333333332
131072,36.72222222222222,37.5,38.388888888888886,39.05555555555556,41.27777777777778,42.5,43.72222222222222,43.388888888888886,44.0,45.111111111111114,47.27777777777778,48.27777777777778,47.388888888888886,47.833333333333336,50.833333333333336,49.166666666666664,49.72222222222222,50.22222222222222,50.77777777777778,51.333333333333336,48.22222222222222
262144,97.72222222222223,86.5,88.27777777777777,89.38888888888889,93.61111111111111,95.83333333333333,95.55555555555556,99.5,100.66666666666667,102.83333333333333,105.83333333333333,104.94444444444444,105.94444444444444,105.77777777777777,106.44444444444444,109.83333333333333,111.88888888888889,112.61111111111111,114.61111111111111,114.44444444444444,124.55555555555556
524288,220.05555555555554,194.16666666666666,199.55555555555554,202.16666666666666,202.5,205.72222222222223,210.16666666666666,211.16666666666666,219.33333333333334,218.61111111111111,218.27777777777777,219.11111111111111,233.27777777777777,227.27777777777777,233.16666666666666,231.33333333333334,242.27777777777777,237.16666666666666,244.05555555555554,242.0,297.55555555555554
1048576,553.0,460.8333333333333,452.8333333333333,461.94444444444446,470.8888888888889,468.5,472.1666666666667,477.5,474.44444444444446,482.5,495.6111111111111,497.8333333333333,490.8888888888889,505.27777777777777,504.72222222222223,505.94444444444446,515.0555555555555,507.44444444444446,515.8888888888889,512.5,695.5555555555555

